<?xml version="1.0" encoding="UTF-8"?>
<!-- Generated by org.testng.reporters.JUnitReportReporter -->
<testsuite skipped="0" hostname="DESKTOP-N308L1J" name="test.AddCustomerTest" tests="1" failures="0" timestamp="17 Jul 2021 19:05:41 GMT" time="29.362" errors="0">
  <testcase name="validUserShouldBeAbleToAddCustomer" time="29.362" classname="test.AddCustomerTest"/>
</testsuite> <!-- test.AddCustomerTest -->
